#
# A fatal error has been detected by the Java Runtime Environment:
#
#  SIGSEGV (0xb) at pc=0x000000012b243ae8, pid=58395, tid=0x0000000000002703
#
# JRE version: Java(TM) SE Runtime Environment (8.0_202-b08) (build 1.8.0_202-b08)
# Java VM: Java HotSpot(TM) 64-Bit Server VM (25.202-b08 mixed mode bsd-amd64 compressed oops)
# Problematic frame:
# C  [libtesseract.dylib+0x2ae8]  tesseract::TessBaseAPI::Init(char const*, int, char const*, tesseract::OcrEngineMode, char**, int, GenericVector<STRING> const*, GenericVector<STRING> const*, bool, bool (*)(STRING const&, GenericVector<char>*))+0x4a
#
# Failed to write core dump. Core dumps have been disabled. To enable core dumping, try "ulimit -c unlimited" before starting Java again
#
# If you would like to submit a bug report, please visit:
#   http://bugreport.java.com/bugreport/crash.jsp
# The crash happened outside the Java Virtual Machine in native code.
# See problematic frame for where to report the bug.
#

---------------  T H R E A D  ---------------

Current thread (0x00007f926c018800):  JavaThread "main" [_thread_in_native, id=9987, stack(0x0000700007050000,0x0000700007150000)]

siginfo: si_signo: 11 (SIGSEGV), si_code: 1 (SEGV_MAPERR), si_addr: 0x0000000000000008

Registers:
RAX=0x0000000000000000, RBX=0x0000000000000001, RCX=0x0000000000000000, RDX=0xfffffffffffffff1
RSP=0x000070000714cb10, RBP=0x000070000714ce90, RSI=0x00007f926f0c4990, RDI=0x00007f926f0c49f8
R8 =0x0000000026f0c49c, R9 =0x00007f926f000000, R10=0x000000000fffffff, R11=0x0000000000000068
R12=0x0000000000000000, R13=0x0000000000000000, R14=0x0000000000000000, R15=0x00007f926f0c4950
RIP=0x000000012b243ae8, EFLAGS=0x0000000000010246, ERR=0x0000000000000004
  TRAPNO=0x000000000000000e

Top of Stack: (sp=0x000070000714cb10)
0x000070000714cb10:   000070000714cd20 00007fffd21b503c
0x000070000714cb20:   000070000714cb60 000000011acc2f2b
0x000070000714cb30:   00007fffd21c57f9 0000000000000001
0x000070000714cb40:   000000011ad307f0 000000011ad31370
0x000070000714cb50:   000070000714cd20 00007fffd21b503c
0x000070000714cb60:   000070000714cba0 000000011acbcbc6
0x000070000714cb70:   00007fff681628d8 000000011ad25380
0x000070000714cb80:   000000011ad307f0 000000011ad31370
0x000070000714cb90:   000070000714cd20 00007fffd21b503c
0x000070000714cba0:   000070000714cbe0 000000011acc2fbd
0x000070000714cbb0:   00007fffd21b503c 0000000000000001
0x000070000714cbc0:   000000011ad307f0 000000011ad307f0
0x000070000714cbd0:   000070000714cd20 000000012b040d9f
0x000070000714cbe0:   00000000000075d0 00007fffd21c5e70
0x000070000714cbf0:   000070000714cc40 000000011acc30ca
0x000070000714cc00:   000000011ad27938 00007f926af23040
0x000070000714cc10:   00007fffd21c57fe 000000011ad27938
0x000070000714cc20:   000070000714cd20 0000000000000001
0x000070000714cc30:   00007f926af23040 000000011ad27938
0x000070000714cc40:   000070000714cc60 000000011acbcccc
0x000070000714cc50:   00007fff682fdce0 000000011ad25380
0x000070000714cc60:   000070000714cca0 000000011acb73e2
0x000070000714cc70:   000000011ad2d1a8 000000012b03fc30
0x000070000714cc80:   000000012b040d9f 00007f926af23040
0x000070000714cc90:   000000011ad27938 000070000714cd20
0x000070000714cca0:   000070000714cd00 000000011acc0933
0x000070000714ccb0:   000070000714cd20 000070000714ccd0
0x000070000714ccc0:   00007f926c018800 000000011ad2d1a8
0x000070000714ccd0:   00007fff682fdce0 000000012b02c380
0x000070000714cce0:   000000012b03e0a0 000000012b040d9f
0x000070000714ccf0:   00007f926af23040 000000011ad27938
0x000070000714cd00:   000070000714cd50 000000011acc0fc6 

Instructions: (pc=0x000000012b243ae8)
0x000000012b243ac8:   89 d5 49 89 f7 49 89 fe 85 d2 48 89 45 c8 48 89
0x000000012b243ad8:   c6 49 0f 44 f7 48 8d 7d c0 e8 88 8f 15 00 31 c0
0x000000012b243ae8:   49 39 46 08 74 6b 49 8b 7e 58 48 85 ff 74 4b 49
0x000000012b243af8:   83 7e 60 00 74 44 48 8d 75 c0 e8 15 95 15 00 84 

Register to memory mapping:

RAX=0x0000000000000000 is an unknown value
RBX=0x0000000000000001 is an unknown value
RCX=0x0000000000000000 is an unknown value
RDX=0xfffffffffffffff1 is an unknown value
RSP=0x000070000714cb10 is pointing into the stack for thread: 0x00007f926c018800
RBP=0x000070000714ce90 is pointing into the stack for thread: 0x00007f926c018800
RSI=0x00007f926f0c4990 is an unknown value
RDI=0x00007f926f0c49f8 is an unknown value
R8 =0x0000000026f0c49c is an unknown value
R9 =0x00007f926f000000 is an unknown value
R10=0x000000000fffffff is an unknown value
R11=0x0000000000000068 is an unknown value
R12=0x0000000000000000 is an unknown value
R13=0x0000000000000000 is an unknown value
R14=0x0000000000000000 is an unknown value
R15=0x00007f926f0c4950 is an unknown value


Stack: [0x0000700007050000,0x0000700007150000],  sp=0x000070000714cb10,  free space=1010k
Native frames: (J=compiled Java code, j=interpreted, Vv=VM code, C=native code)
C  [libtesseract.dylib+0x2ae8]  tesseract::TessBaseAPI::Init(char const*, int, char const*, tesseract::OcrEngineMode, char**, int, GenericVector<STRING> const*, GenericVector<STRING> const*, bool, bool (*)(STRING const&, GenericVector<char>*))+0x4a
C  [libtesseract.dylib+0x2a97]  tesseract::TessBaseAPI::Init(char const*, char const*, tesseract::OcrEngineMode, char**, int, GenericVector<STRING> const*, GenericVector<STRING> const*, bool)+0x3b
C  [libtesseract.dylib+0xb2cc]  TessBaseAPIInit3+0x27
C  [jna2936004143790224656.tmp+0xd94c]  ffi_call_unix64+0x4c
C  0x000070000714db10

Java frames: (J=compiled Java code, j=interpreted, Vv=VM code)
j  net.sourceforge.tess4j.TessAPI1.TessBaseAPIInit3(Lnet/sourceforge/tess4j/ITessAPI$TessBaseAPI;Ljava/lang/String;Ljava/lang/String;)I+0
j  com.kms.katalon.core.webui.common.internal.ImageLocatorController.getRectangleContainingText(Ljava/awt/image/BufferedImage;)Ljava/awt/Rectangle;+70
j  com.kms.katalon.core.webui.common.internal.ImageLocatorController.findElementByOcrText(Lorg/openqa/selenium/WebDriver;Ljava/lang/String;)Ljava/util/List;+86
j  com.kms.katalon.core.webui.common.WebUiCommonHelper.lambda$2(Lorg/openqa/selenium/WebDriver;Lcom/kms/katalon/core/testobject/TestObjectProperty;)Ljava/util/List;+5
j  com.kms.katalon.core.webui.common.WebUiCommonHelper$$Lambda$233.apply(Ljava/lang/Object;)Ljava/lang/Object;+8
j  java.util.Optional.map(Ljava/util/function/Function;)Ljava/util/Optional;+21
j  com.kms.katalon.core.webui.common.WebUiCommonHelper.findWebElements(Lcom/kms/katalon/core/testobject/TestObject;I)Ljava/util/List;+556
j  com.kms.katalon.core.webui.common.WebUiCommonHelper.findWebElement(Lcom/kms/katalon/core/testobject/TestObject;I)Lorg/openqa/selenium/WebElement;+31
j  com.kms.katalon.core.webui.keyword.internal.WebUIAbstractKeyword.findWebElement(Lcom/kms/katalon/core/testobject/TestObject;I)Lorg/openqa/selenium/WebElement;+2
j  com.kms.katalon.core.webui.keyword.internal.WebUIAbstractKeyword.findWebElement(Lcom/kms/katalon/core/testobject/TestObject;)Lorg/openqa/selenium/WebElement;+8
j  com.kms.katalon.core.webui.keyword.builtin.ClickKeyword$_click_closure1.doCall(Ljava/lang/Object;)Ljava/lang/Object;+62
j  com.kms.katalon.core.webui.keyword.builtin.ClickKeyword$_click_closure1.call()Ljava/lang/Object;+2
j  com.kms.katalon.core.webui.keyword.internal.WebUIKeywordMain.runKeyword(Lgroovy/lang/Closure;Lcom/kms/katalon/core/model/FailureHandling;ZLjava/lang/String;)Ljava/lang/Object;+1
j  com.kms.katalon.core.webui.keyword.builtin.ClickKeyword.click(Lcom/kms/katalon/core/testobject/TestObject;Lcom/kms/katalon/core/model/FailureHandling;)V+69
j  com.kms.katalon.core.webui.keyword.builtin.ClickKeyword.execute([Ljava/lang/Object;)Ljava/lang/Object;+76
j  com.kms.katalon.core.keyword.internal.KeywordExecutor.executeKeywordForPlatform(Ljava/lang/String;Ljava/lang/String;[Ljava/lang/Object;)Ljava/lang/Object;+72
j  com.kms.katalon.core.webui.keyword.WebUiBuiltInKeywords.click(Lcom/kms/katalon/core/testobject/TestObject;)V+13
j  com.kms.katalon.core.webui.keyword.WebUiBuiltInKeywords$click$2.call(Ljava/lang/Object;[Ljava/lang/Object;)Ljava/lang/Object;+15
j  org.codehaus.groovy.runtime.callsite.CallSiteArray.defaultCall(Lorg/codehaus/groovy/runtime/callsite/CallSite;Ljava/lang/Object;[Ljava/lang/Object;)Ljava/lang/Object;+8
j  org.codehaus.groovy.runtime.callsite.AbstractCallSite.call(Ljava/lang/Object;[Ljava/lang/Object;)Ljava/lang/Object;+3
j  org.codehaus.groovy.runtime.callsite.AbstractCallSite.call(Ljava/lang/Object;Ljava/lang/Object;)Ljava/lang/Object;+33
j  Script1572937245207.run()Ljava/lang/Object;+691
j  com.kms.katalon.core.main.ScriptEngine.run(Lgroovy/lang/GroovyCodeSource;Lgroovy/lang/Binding;Z)Ljava/lang/Object;+7
j  com.kms.katalon.core.main.ScriptEngine.runScriptAsRawText(Ljava/lang/String;Ljava/lang/String;Lgroovy/lang/Binding;Ljava/lang/String;)Ljava/lang/Object;+68
j  com.kms.katalon.core.main.TestCaseExecutor.runScript(Ljava/io/File;)Ljava/lang/Object;+32
j  com.kms.katalon.core.main.TestCaseExecutor.doExecute()V+9
j  com.kms.katalon.core.main.TestCaseExecutor.processExecutionPhase()V+12
j  com.kms.katalon.core.main.TestCaseExecutor.accessMainPhase()V+9
j  com.kms.katalon.core.main.TestCaseExecutor.execute(Lcom/kms/katalon/core/model/FailureHandling;)Lcom/kms/katalon/core/main/TestResult;+469
j  com.kms.katalon.core.main.TestCaseMain.runTestCase(Ljava/lang/String;Lcom/kms/katalon/core/testcase/TestCaseBinding;Lcom/kms/katalon/core/model/FailureHandling;ZZ)Lcom/kms/katalon/core/main/TestResult;+41
j  com.kms.katalon.core.main.TestCaseMain.runTestCase(Ljava/lang/String;Lcom/kms/katalon/core/testcase/TestCaseBinding;Lcom/kms/katalon/core/model/FailureHandling;Z)Lcom/kms/katalon/core/main/TestResult;+5
j  com.kms.katalon.core.main.TestCaseMain$runTestCase$0.call(Ljava/lang/Object;[Ljava/lang/Object;)Ljava/lang/Object;+33
j  org.codehaus.groovy.runtime.callsite.CallSiteArray.defaultCall(Lorg/codehaus/groovy/runtime/callsite/CallSite;Ljava/lang/Object;[Ljava/lang/Object;)Ljava/lang/Object;+8
j  org.codehaus.groovy.runtime.callsite.AbstractCallSite.call(Ljava/lang/Object;[Ljava/lang/Object;)Ljava/lang/Object;+3
j  org.codehaus.groovy.runtime.callsite.AbstractCallSite.call(Ljava/lang/Object;Ljava/lang/Object;Ljava/lang/Object;Ljava/lang/Object;Ljava/lang/Object;)Ljava/lang/Object;+46
j  TempTestCase1574068042505.run()Ljava/lang/Object;+201
j  groovy.lang.GroovyShell.runScriptOrMainOrTestOrRunnable(Ljava/lang/Class;[Ljava/lang/String;)Ljava/lang/Object;+61
j  groovy.lang.GroovyShell.run(Lgroovy/lang/GroovyCodeSource;[Ljava/lang/String;)Ljava/lang/Object;+9
j  groovy.lang.GroovyShell.run(Lgroovy/lang/GroovyCodeSource;Ljava/util/List;)Ljava/lang/Object;+23
j  groovy.ui.GroovyMain.processOnce()V+33
j  groovy.ui.GroovyMain.run()Z+29
j  groovy.ui.GroovyMain.process(Lgroovyjarjarcommonscli/CommandLine;)Z+602
j  groovy.ui.GroovyMain.processArgs([Ljava/lang/String;Ljava/io/PrintStream;)V+108
j  groovy.ui.GroovyMain.main([Ljava/lang/String;)V+4
v  ~StubRoutines::call_stub
j  sun.reflect.NativeMethodAccessorImpl.invoke0(Ljava/lang/reflect/Method;Ljava/lang/Object;[Ljava/lang/Object;)Ljava/lang/Object;+0
j  sun.reflect.NativeMethodAccessorImpl.invoke(Ljava/lang/Object;[Ljava/lang/Object;)Ljava/lang/Object;+100
j  sun.reflect.DelegatingMethodAccessorImpl.invoke(Ljava/lang/Object;[Ljava/lang/Object;)Ljava/lang/Object;+6
j  java.lang.reflect.Method.invoke(Ljava/lang/Object;[Ljava/lang/Object;)Ljava/lang/Object;+56
j  org.codehaus.groovy.tools.GroovyStarter.rootLoader([Ljava/lang/String;)V+391
j  org.codehaus.groovy.tools.GroovyStarter.main([Ljava/lang/String;)V+1
v  ~StubRoutines::call_stub

---------------  P R O C E S S  ---------------

Java Threads: ( => current thread )
  0x00007f9270b30000 JavaThread "Java2D Disposer" daemon [_thread_blocked, id=53003, stack(0x00007000089c6000,0x0000700008ac6000)]
  0x00007f927006e800 JavaThread "Java2D Queue Flusher" daemon [_thread_blocked, id=84327, stack(0x00007000088c3000,0x00007000089c3000)]
  0x00007f926b473800 JavaThread "AWT-Shutdown" [_thread_blocked, id=37415, stack(0x00007000083b7000,0x00007000084b7000)]
  0x00007f9270a92000 JavaThread "AppKit Thread" daemon [_thread_in_native, id=775, stack(0x00007ffee27aa000,0x00007ffee2faa000)]
  0x00007f926cd46800 JavaThread "Okio Watchdog" daemon [_thread_blocked, id=42243, stack(0x00007000087c0000,0x00007000088c0000)]
  0x00007f926b675800 JavaThread "OkHttp ConnectionPool" daemon [_thread_blocked, id=42755, stack(0x00007000086bd000,0x00007000087bd000)]
  0x00007f926bf22000 JavaThread "Exec Stream Pumper" daemon [_thread_in_native, id=15363, stack(0x00007000081ae000,0x00007000082ae000)]
  0x00007f926bc93000 JavaThread "Exec Stream Pumper" daemon [_thread_in_native, id=15107, stack(0x00007000080ab000,0x00007000081ab000)]
  0x00007f926d946800 JavaThread "process reaper" daemon [_thread_in_native, id=16387, stack(0x0000700008080000,0x00007000080a8000)]
  0x00007f926e1e7000 JavaThread "UrlChecker-2" daemon [_thread_blocked, id=16643, stack(0x0000700007f7d000,0x000070000807d000)]
  0x00007f926cfa3000 JavaThread "Exec Default Executor" daemon [_thread_blocked, id=14595, stack(0x0000700007e7a000,0x0000700007f7a000)]
  0x00007f926c024800 JavaThread "Service Thread" daemon [_thread_blocked, id=17411, stack(0x0000700007c74000,0x0000700007d74000)]
  0x00007f926b851800 JavaThread "C1 CompilerThread2" daemon [_thread_blocked, id=17923, stack(0x0000700007b71000,0x0000700007c71000)]
  0x00007f926b850800 JavaThread "C2 CompilerThread1" daemon [_thread_blocked, id=13571, stack(0x0000700007a6e000,0x0000700007b6e000)]
  0x00007f926b034800 JavaThread "C2 CompilerThread0" daemon [_thread_blocked, id=18179, stack(0x000070000796b000,0x0000700007a6b000)]
  0x00007f926c814000 JavaThread "Signal Dispatcher" daemon [_thread_blocked, id=12803, stack(0x0000700007868000,0x0000700007968000)]
  0x00007f926c812800 JavaThread "Finalizer" daemon [_thread_blocked, id=11779, stack(0x0000700007765000,0x0000700007865000)]
  0x00007f926c812000 JavaThread "Reference Handler" daemon [_thread_blocked, id=20227, stack(0x0000700007662000,0x0000700007762000)]
=>0x00007f926c018800 JavaThread "main" [_thread_in_native, id=9987, stack(0x0000700007050000,0x0000700007150000)]

Other Threads:
  0x00007f926c80f000 VMThread [stack: 0x000070000755f000,0x000070000765f000] [id=20739]
  0x00007f926c81c800 WatcherThread [stack: 0x0000700007d77000,0x0000700007e77000] [id=17155]

VM state:not at safepoint (normal execution)

VM Mutex/Monitor currently owned by a thread: None

heap address: 0x0000000740000000, size: 2048 MB, Compressed Oops mode: Zero based, Oop shift amount: 3
Narrow klass base: 0x0000000000000000, Narrow klass shift: 3
Compressed class space size: 1073741824 Address: 0x00000007c0000000

Heap:
 PSYoungGen      total 143872K, used 84588K [0x0000000795580000, 0x00000007a3a80000, 0x00000007c0000000)
  eden space 129024K, 59% used [0x0000000795580000,0x000000079a0e6828,0x000000079d380000)
  from space 14848K, 49% used [0x000000079d380000,0x000000079dab4b78,0x000000079e200000)
  to   space 14336K, 0% used [0x00000007a2c80000,0x00000007a2c80000,0x00000007a3a80000)
 ParOldGen       total 102400K, used 13465K [0x0000000740000000, 0x0000000746400000, 0x0000000795580000)
  object space 102400K, 13% used [0x0000000740000000,0x0000000740d26538,0x0000000746400000)
 Metaspace       used 32038K, capacity 33012K, committed 33280K, reserved 1079296K
  class space    used 3855K, capacity 4077K, committed 4096K, reserved 1048576K

Card table byte_map: [0x000000010e979000,0x000000010ed7a000] byte_map_base: 0x000000010af79000

Marking Bits: (ParMarkBitMap*) 0x000000010defbe40
 Begin Bits: [0x000000010f025000, 0x0000000111025000)
 End Bits:   [0x0000000111025000, 0x0000000113025000)

Polling page: 0x000000010ccc5000

CodeCache: size=245760Kb used=11200Kb max_used=11846Kb free=234559Kb
 bounds [0x000000011ad86000, 0x000000011b926000, 0x0000000129d86000]
 total_blobs=3708 nmethods=2919 adapters=702
 compilation: enabled

Compilation events (10 events):
Event: 27.146 Thread 0x00007f926b851800 3347       3       com.sun.jna.Native::getTypeMapper (15 bytes)
Event: 27.146 Thread 0x00007f926b851800 nmethod 3347 0x000000011b2638d0 code [0x000000011b263a60, 0x000000011b263d98]
Event: 27.146 Thread 0x00007f926b851800 3357       3       com.sun.jna.Structure$FFIType::get (33 bytes)
Event: 27.146 Thread 0x00007f926b851800 nmethod 3357 0x000000011b007cd0 code [0x000000011b007e80, 0x000000011b008398]
Event: 27.146 Thread 0x00007f926b851800 3355       3       java.lang.String::<init> (9 bytes)
Event: 27.147 Thread 0x00007f926b851800 nmethod 3355 0x000000011b339850 code [0x000000011b3399e0, 0x000000011b339c98]
Event: 27.147 Thread 0x00007f926b851800 3356       3       java.lang.String::<init> (21 bytes)
Event: 27.147 Thread 0x00007f926b851800 nmethod 3356 0x000000011afb2a50 code [0x000000011afb2be0, 0x000000011afb2e38]
Event: 27.166 Thread 0x00007f926b851800 3358       3       java.io.FilterInputStream::read (9 bytes)
Event: 27.166 Thread 0x00007f926b851800 nmethod 3358 0x000000011b0fc7d0 code [0x000000011b0fc940, 0x000000011b0fcb68]

GC Heap History (10 events):
Event: 3.890 GC heap before
{Heap before GC invocations=4 (full 0):
 PSYoungGen      total 76288K, used 73899K [0x0000000795580000, 0x000000079aa80000, 0x00000007c0000000)
  eden space 65536K, 100% used [0x0000000795580000,0x0000000799580000,0x0000000799580000)
  from space 10752K, 77% used [0x0000000799580000,0x0000000799daaf68,0x000000079a000000)
  to   space 10752K, 0% used [0x000000079a000000,0x000000079a000000,0x000000079aa80000)
 ParOldGen       total 175104K, used 24K [0x0000000740000000, 0x000000074ab00000, 0x0000000795580000)
  object space 175104K, 0% used [0x0000000740000000,0x0000000740006000,0x000000074ab00000)
 Metaspace       used 20038K, capacity 20328K, committed 20608K, reserved 1067008K
  class space    used 2251K, capacity 2363K, committed 2432K, reserved 1048576K
Event: 3.910 GC heap after
Heap after GC invocations=4 (full 0):
 PSYoungGen      total 76288K, used 10541K [0x0000000795580000, 0x000000079ea80000, 0x00000007c0000000)
  eden space 65536K, 0% used [0x0000000795580000,0x0000000795580000,0x0000000799580000)
  from space 10752K, 98% used [0x000000079a000000,0x000000079aa4b6e0,0x000000079aa80000)
  to   space 10752K, 0% used [0x0000000799580000,0x0000000799580000,0x000000079a000000)
 ParOldGen       total 175104K, used 96K [0x0000000740000000, 0x000000074ab00000, 0x0000000795580000)
  object space 175104K, 0% used [0x0000000740000000,0x0000000740018010,0x000000074ab00000)
 Metaspace       used 20038K, capacity 20328K, committed 20608K, reserved 1067008K
  class space    used 2251K, capacity 2363K, committed 2432K, reserved 1048576K
}
Event: 4.212 GC heap before
{Heap before GC invocations=5 (full 0):
 PSYoungGen      total 76288K, used 76077K [0x0000000795580000, 0x000000079ea80000, 0x00000007c0000000)
  eden space 65536K, 100% used [0x0000000795580000,0x0000000799580000,0x0000000799580000)
  from space 10752K, 98% used [0x000000079a000000,0x000000079aa4b6e0,0x000000079aa80000)
  to   space 10752K, 0% used [0x0000000799580000,0x0000000799580000,0x000000079a000000)
 ParOldGen       total 175104K, used 96K [0x0000000740000000, 0x000000074ab00000, 0x0000000795580000)
  object space 175104K, 0% used [0x0000000740000000,0x0000000740018010,0x000000074ab00000)
 Metaspace       used 20522K, capacity 20780K, committed 21120K, reserved 1069056K
  class space    used 2294K, capacity 2383K, committed 2432K, reserved 1048576K
Event: 4.219 GC heap after
Heap after GC invocations=5 (full 0):
 PSYoungGen      total 76288K, used 10042K [0x0000000795580000, 0x000000079ee80000, 0x00000007c0000000)
  eden space 65536K, 0% used [0x0000000795580000,0x0000000795580000,0x0000000799580000)
  from space 10752K, 93% used [0x0000000799580000,0x0000000799f4e808,0x000000079a000000)
  to   space 12800K, 0% used [0x000000079e200000,0x000000079e200000,0x000000079ee80000)
 ParOldGen       total 175104K, used 104K [0x0000000740000000, 0x000000074ab00000, 0x0000000795580000)
  object space 175104K, 0% used [0x0000000740000000,0x000000074001a010,0x000000074ab00000)
 Metaspace       used 20522K, capacity 20780K, committed 21120K, reserved 1069056K
  class space    used 2294K, capacity 2383K, committed 2432K, reserved 1048576K
}
Event: 4.453 GC heap before
{Heap before GC invocations=6 (full 0):
 PSYoungGen      total 76288K, used 61975K [0x0000000795580000, 0x000000079ee80000, 0x00000007c0000000)
  eden space 65536K, 79% used [0x0000000795580000,0x0000000798837650,0x0000000799580000)
  from space 10752K, 93% used [0x0000000799580000,0x0000000799f4e808,0x000000079a000000)
  to   space 12800K, 0% used [0x000000079e200000,0x000000079e200000,0x000000079ee80000)
 ParOldGen       total 175104K, used 104K [0x0000000740000000, 0x000000074ab00000, 0x0000000795580000)
  object space 175104K, 0% used [0x0000000740000000,0x000000074001a010,0x000000074ab00000)
 Metaspace       used 20906K, capacity 21164K, committed 21296K, reserved 1069056K
  class space    used 2344K, capacity 2423K, committed 2432K, reserved 1048576K
Event: 4.468 GC heap after
Heap after GC invocations=6 (full 0):
 PSYoungGen      total 141824K, used 12777K [0x0000000795580000, 0x000000079f280000, 0x00000007c0000000)
  eden space 129024K, 0% used [0x0000000795580000,0x0000000795580000,0x000000079d380000)
  from space 12800K, 99% used [0x000000079e200000,0x000000079ee7a7b8,0x000000079ee80000)
  to   space 14848K, 0% used [0x000000079d380000,0x000000079d380000,0x000000079e200000)
 ParOldGen       total 175104K, used 831K [0x0000000740000000, 0x000000074ab00000, 0x0000000795580000)
  object space 175104K, 0% used [0x0000000740000000,0x00000007400cfd68,0x000000074ab00000)
 Metaspace       used 20906K, capacity 21164K, committed 21296K, reserved 1069056K
  class space    used 2344K, capacity 2423K, committed 2432K, reserved 1048576K
}
Event: 4.468 GC heap before
{Heap before GC invocations=7 (full 1):
 PSYoungGen      total 141824K, used 12777K [0x0000000795580000, 0x000000079f280000, 0x00000007c0000000)
  eden space 129024K, 0% used [0x0000000795580000,0x0000000795580000,0x000000079d380000)
  from space 12800K, 99% used [0x000000079e200000,0x000000079ee7a7b8,0x000000079ee80000)
  to   space 14848K, 0% used [0x000000079d380000,0x000000079d380000,0x000000079e200000)
 ParOldGen       total 175104K, used 831K [0x0000000740000000, 0x000000074ab00000, 0x0000000795580000)
  object space 175104K, 0% used [0x0000000740000000,0x00000007400cfd68,0x000000074ab00000)
 Metaspace       used 20906K, capacity 21164K, committed 21296K, reserved 1069056K
  class space    used 2344K, capacity 2423K, committed 2432K, reserved 1048576K
Event: 4.529 GC heap after
Heap after GC invocations=7 (full 1):
 PSYoungGen      total 141824K, used 0K [0x0000000795580000, 0x000000079f280000, 0x00000007c0000000)
  eden space 129024K, 0% used [0x0000000795580000,0x0000000795580000,0x000000079d380000)
  from space 12800K, 0% used [0x000000079e200000,0x000000079e200000,0x000000079ee80000)
  to   space 14848K, 0% used [0x000000079d380000,0x000000079d380000,0x000000079e200000)
 ParOldGen       total 102400K, used 13457K [0x0000000740000000, 0x0000000746400000, 0x0000000795580000)
  object space 102400K, 13% used [0x0000000740000000,0x0000000740d24538,0x0000000746400000)
 Metaspace       used 20906K, capacity 21164K, committed 21296K, reserved 1069056K
  class space    used 2344K, capacity 2423K, committed 2432K, reserved 1048576K
}
Event: 16.668 GC heap before
{Heap before GC invocations=8 (full 1):
 PSYoungGen      total 141824K, used 129024K [0x0000000795580000, 0x000000079f280000, 0x00000007c0000000)
  eden space 129024K, 100% used [0x0000000795580000,0x000000079d380000,0x000000079d380000)
  from space 12800K, 0% used [0x000000079e200000,0x000000079e200000,0x000000079ee80000)
  to   space 14848K, 0% used [0x000000079d380000,0x000000079d380000,0x000000079e200000)
 ParOldGen       total 102400K, used 13457K [0x0000000740000000, 0x0000000746400000, 0x0000000795580000)
  object space 102400K, 13% used [0x0000000740000000,0x0000000740d24538,0x0000000746400000)
 Metaspace       used 28722K, capacity 29584K, committed 29824K, reserved 1075200K
  class space    used 3497K, capacity 3711K, committed 3712K, reserved 1048576K
Event: 16.680 GC heap after
Heap after GC invocations=8 (full 1):
 PSYoungGen      total 143872K, used 7378K [0x0000000795580000, 0x00000007a3a80000, 0x00000007c0000000)
  eden space 129024K, 0% used [0x0000000795580000,0x0000000795580000,0x000000079d380000)
  from space 14848K, 49% used [0x000000079d380000,0x000000079dab4b78,0x000000079e200000)
  to   space 14336K, 0% used [0x00000007a2c80000,0x00000007a2c80000,0x00000007a3a80000)
 ParOldGen       total 102400K, used 13465K [0x0000000740000000, 0x0000000746400000, 0x0000000795580000)
  object space 102400K, 13% used [0x0000000740000000,0x0000000740d26538,0x0000000746400000)
 Metaspace       used 28722K, capacity 29584K, committed 29824K, reserved 1075200K
  class space    used 3497K, capacity 3711K, committed 3712K, reserved 1048576K
}

Deoptimization events (10 events):
Event: 5.196 Thread 0x00007f926c018800 Uncommon trap: reason=unstable_if action=reinterpret pc=0x000000011b05e93c method=java.io.File.getName()Ljava/lang/String; @ 16
Event: 5.197 Thread 0x00007f926c018800 Uncommon trap: reason=bimorphic action=maybe_recompile pc=0x000000011b3336b4 method=java.net.URL.<init>(Ljava/net/URL;Ljava/lang/String;Ljava/net/URLStreamHandler;)V @ 504
Event: 5.199 Thread 0x00007f926cfa3000 Uncommon trap: reason=unstable_if action=reinterpret pc=0x000000011b323de4 method=java.util.concurrent.ConcurrentHashMap.addCount(JI)V @ 34
Event: 5.210 Thread 0x00007f926e1e7000 Uncommon trap: reason=null_check action=make_not_entrant pc=0x000000011b3d33b0 method=java.lang.StringCoding.deref(Ljava/lang/ThreadLocal;)Ljava/lang/Object; @ 4
Event: 5.669 Thread 0x00007f926c018800 Uncommon trap: reason=unstable_if action=reinterpret pc=0x000000011b7866c4 method=java.util.regex.Pattern$BmpCharProperty.match(Ljava/util/regex/Matcher;ILjava/lang/CharSequence;)Z @ 34
Event: 7.232 Thread 0x00007f926c018800 Uncommon trap: reason=bimorphic action=maybe_recompile pc=0x000000011b3336b4 method=java.net.URL.<init>(Ljava/net/URL;Ljava/lang/String;Ljava/net/URLStreamHandler;)V @ 504
Event: 27.087 Thread 0x00007f926c018800 Uncommon trap: reason=unstable_if action=reinterpret pc=0x000000011b863e4c method=java.io.UnixFileSystem.resolve(Ljava/lang/String;Ljava/lang/String;)Ljava/lang/String; @ 6
Event: 27.090 Thread 0x00007f926c018800 Uncommon trap: reason=unstable_if action=reinterpret pc=0x000000011b5309fc method=java.io.UnixFileSystem.resolve(Ljava/lang/String;Ljava/lang/String;)Ljava/lang/String; @ 6
Event: 27.096 Thread 0x00007f926c018800 Uncommon trap: reason=unstable_if action=reinterpret pc=0x000000011b81ece4 method=java.lang.AbstractStringBuilder.append(I)Ljava/lang/AbstractStringBuilder; @ 16
Event: 27.125 Thread 0x00007f926c018800 Uncommon trap: reason=unstable_if action=reinterpret pc=0x000000011b440804 method=java.lang.String.lastIndexOf([CII[CIII)I @ 118

Classes redefined (0 events):
No events

Internal exceptions (10 events):
Event: 23.805 Thread 0x00007f926c018800 Exception <a 'java/net/SocketTimeoutException': Read timed out> (0x0000000797879d80) thrown at [/Users/java_re/workspace/8-2-build-macosx-x86_64/jdk8u202/12323/hotspot/src/share/vm/prims/jni.cpp, line 736]
Event: 24.016 Thread 0x00007f926c018800 Exception <a 'java/net/SocketTimeoutException': Read timed out> (0x0000000797895788) thrown at [/Users/java_re/workspace/8-2-build-macosx-x86_64/jdk8u202/12323/hotspot/src/share/vm/prims/jni.cpp, line 736]
Event: 24.230 Thread 0x00007f926c018800 Exception <a 'java/net/SocketTimeoutException': Read timed out> (0x00000007978a9278) thrown at [/Users/java_re/workspace/8-2-build-macosx-x86_64/jdk8u202/12323/hotspot/src/share/vm/prims/jni.cpp, line 736]
Event: 24.746 Thread 0x00007f926c018800 Exception <a 'java/net/SocketTimeoutException': Read timed out> (0x00000007978c4e68) thrown at [/Users/java_re/workspace/8-2-build-macosx-x86_64/jdk8u202/12323/hotspot/src/share/vm/prims/jni.cpp, line 736]
Event: 24.858 Thread 0x00007f926c018800 Exception <a 'java/net/SocketTimeoutException': Read timed out> (0x00000007978e0830) thrown at [/Users/java_re/workspace/8-2-build-macosx-x86_64/jdk8u202/12323/hotspot/src/share/vm/prims/jni.cpp, line 736]
Event: 24.969 Thread 0x00007f926c018800 Exception <a 'java/net/SocketTimeoutException': Read timed out> (0x00000007978f4320) thrown at [/Users/java_re/workspace/8-2-build-macosx-x86_64/jdk8u202/12323/hotspot/src/share/vm/prims/jni.cpp, line 736]
Event: 25.832 Thread 0x00007f926c018800 Exception <a 'java/io/FileNotFoundException'> (0x0000000797a2b868) thrown at [/Users/java_re/workspace/8-2-build-macosx-x86_64/jdk8u202/12323/hotspot/src/share/vm/prims/jni.cpp, line 710]
Event: 25.833 Thread 0x00007f926c018800 Exception <a 'java/io/FileNotFoundException'> (0x0000000797a2c778) thrown at [/Users/java_re/workspace/8-2-build-macosx-x86_64/jdk8u202/12323/hotspot/src/share/vm/prims/jni.cpp, line 710]
Event: 26.002 Thread 0x00007f926c018800 Exception <a 'java/net/SocketTimeoutException': Read timed out> (0x0000000797ad81a8) thrown at [/Users/java_re/workspace/8-2-build-macosx-x86_64/jdk8u202/12323/hotspot/src/share/vm/prims/jni.cpp, line 736]
Event: 26.011 Thread 0x00007f926c018800 Exception <a 'java/net/SocketTimeoutException': Read timed out> (0x0000000797af0580) thrown at [/Users/java_re/workspace/8-2-build-macosx-x86_64/jdk8u202/12323/hotspot/src/share/vm/prims/jni.cpp, line 736]

Events (10 events):
Event: 27.137 loading class com/sun/jna/Memory$SharedMemory
Event: 27.137 loading class com/sun/jna/Memory$SharedMemory done
Event: 27.137 loading class com/sun/jna/WeakIdentityHashMap
Event: 27.137 loading class com/sun/jna/WeakIdentityHashMap done
Event: 27.146 loading class net/sourceforge/tess4j/util/ImageIOHelper
Event: 27.146 loading class net/sourceforge/tess4j/util/ImageIOHelper done
Event: 27.147 loading class javax/imageio/ImageWriteParam
Event: 27.147 loading class javax/imageio/ImageWriteParam done
Event: 27.147 loading class com/github/jaiimageio/plugins/tiff/TIFFImageWriteParam
Event: 27.147 loading class com/github/jaiimageio/plugins/tiff/TIFFImageWriteParam done


Dynamic libraries:
0x00007fff3a665000 	/System/Library/Frameworks/Cocoa.framework/Versions/A/Cocoa
0x00007fff46924000 	/System/Library/Frameworks/Security.framework/Versions/A/Security
0x00007fff3926c000 	/System/Library/Frameworks/ApplicationServices.framework/Versions/A/ApplicationServices
0x00007fff67f14000 	/usr/lib/libz.1.dylib
0x00007fff65589000 	/usr/lib/libSystem.B.dylib
0x00007fff67031000 	/usr/lib/libobjc.A.dylib
0x00007fff3ae88000 	/System/Library/Frameworks/CoreFoundation.framework/Versions/A/CoreFoundation
0x00007fff3d20d000 	/System/Library/Frameworks/Foundation.framework/Versions/C/Foundation
0x00007fff383f9000 	/System/Library/Frameworks/AppKit.framework/Versions/C/AppKit
0x00007fff3a9fc000 	/System/Library/Frameworks/CoreData.framework/Versions/A/CoreData
0x00007fff5e757000 	/System/Library/PrivateFrameworks/RemoteViewServices.framework/Versions/A/RemoteViewServices
0x00007fff63257000 	/System/Library/PrivateFrameworks/UIFoundation.framework/Versions/A/UIFoundation
0x00007fff64a0f000 	/System/Library/PrivateFrameworks/XCTTargetBootstrap.framework/Versions/A/XCTTargetBootstrap
0x00007fff59259000 	/System/Library/PrivateFrameworks/IconServices.framework/Versions/A/IconServices
0x00007fff3fad7000 	/System/Library/Frameworks/Metal.framework/Versions/A/Metal
0x00007fff5045b000 	/System/Library/PrivateFrameworks/DesktopServicesPriv.framework/Versions/A/DesktopServicesPriv
0x00007fff66344000 	/usr/lib/libenergytrace.dylib
0x00007fff60fc8000 	/System/Library/PrivateFrameworks/SkyLight.framework/Versions/A/SkyLight
0x00007fff3b2d7000 	/System/Library/Frameworks/CoreGraphics.framework/Versions/A/CoreGraphics
0x00007fff371b4000 	/System/Library/Frameworks/Accelerate.framework/Versions/A/Accelerate
0x00007fff3d997000 	/System/Library/Frameworks/IOSurface.framework/Versions/A/IOSurface
0x00007fff502bd000 	/System/Library/PrivateFrameworks/DFRFoundation.framework/Versions/A/DFRFoundation
0x00007fff39771000 	/System/Library/Frameworks/AudioToolbox.framework/Versions/A/AudioToolbox
0x00007fff39a10000 	/System/Library/Frameworks/AudioUnit.framework/Versions/A/AudioUnit
0x00007fff50354000 	/System/Library/PrivateFrameworks/DataDetectorsCore.framework/Versions/A/DataDetectorsCore
0x00007fff3a14f000 	/System/Library/Frameworks/Carbon.framework/Versions/A/Frameworks/HIToolbox.framework/Versions/A/HIToolbox
0x00007fff6649f000 	/usr/lib/libicucore.A.dylib
0x00007fff45e77000 	/System/Library/Frameworks/QuartzCore.framework/Versions/A/QuartzCore
0x00007fff3a536000 	/System/Library/Frameworks/Carbon.framework/Versions/A/Frameworks/SpeechRecognition.framework/Versions/A/SpeechRecognition
0x00007fff656ec000 	/usr/lib/libauto.dylib
0x00007fff67e07000 	/usr/lib/libxml2.2.dylib
0x00007fff4febc000 	/System/Library/PrivateFrameworks/CoreUI.framework/Versions/A/CoreUI
0x00007fff3a8da000 	/System/Library/Frameworks/CoreAudio.framework/Versions/A/CoreAudio
0x00007fff3d03f000 	/System/Library/Frameworks/DiskArbitration.framework/Versions/A/DiskArbitration
0x00007fff6674f000 	/usr/lib/liblangid.dylib
0x00007fff5a70a000 	/System/Library/PrivateFrameworks/MultitouchSupport.framework/Versions/A/MultitouchSupport
0x00007fff3d902000 	/System/Library/Frameworks/IOKit.framework/Versions/A/IOKit
0x00007fff651d7000 	/usr/lib/libDiagnosticMessagesClient.dylib
0x00007fff3c145000 	/System/Library/Frameworks/CoreServices.framework/Versions/A/CoreServices
0x00007fff5c440000 	/System/Library/PrivateFrameworks/PerformanceAnalysis.framework/Versions/A/PerformanceAnalysis
0x00007fff4500c000 	/System/Library/Frameworks/OpenGL.framework/Versions/A/OpenGL
0x00007fff3a673000 	/System/Library/Frameworks/ColorSync.framework/Versions/A/ColorSync
0x00007fff3b966000 	/System/Library/Frameworks/CoreImage.framework/Versions/A/CoreImage
0x00007fff3cb88000 	/System/Library/Frameworks/CoreText.framework/Versions/A/CoreText
0x00007fff3d9f8000 	/System/Library/Frameworks/ImageIO.framework/Versions/A/ImageIO
0x00007fff4c4f7000 	/System/Library/PrivateFrameworks/Backup.framework/Versions/A/Backup
0x00007fff6563f000 	/usr/lib/libarchive.2.dylib
0x00007fff39d74000 	/System/Library/Frameworks/CFNetwork.framework/Versions/A/CFNetwork
0x00007fff470cf000 	/System/Library/Frameworks/SystemConfiguration.framework/Versions/A/SystemConfiguration
0x00007fff65100000 	/usr/lib/libCRFSuite.dylib
0x00007fff657e3000 	/usr/lib/libc++.1.dylib
0x00007fff6583b000 	/usr/lib/libc++abi.dylib
0x00007fff67f97000 	/usr/lib/system/libcache.dylib
0x00007fff67f9c000 	/usr/lib/system/libcommonCrypto.dylib
0x00007fff67fa7000 	/usr/lib/system/libcompiler_rt.dylib
0x00007fff67faf000 	/usr/lib/system/libcopyfile.dylib
0x00007fff67fb9000 	/usr/lib/system/libcorecrypto.dylib
0x00007fff680c4000 	/usr/lib/system/libdispatch.dylib
0x00007fff680ff000 	/usr/lib/system/libdyld.dylib
0x00007fff6812f000 	/usr/lib/system/libkeymgr.dylib
0x00007fff6813d000 	/usr/lib/system/liblaunch.dylib
0x00007fff6813e000 	/usr/lib/system/libmacho.dylib
0x00007fff68144000 	/usr/lib/system/libquarantine.dylib
0x00007fff68147000 	/usr/lib/system/libremovefile.dylib
0x00007fff68149000 	/usr/lib/system/libsystem_asl.dylib
0x00007fff68161000 	/usr/lib/system/libsystem_blocks.dylib
0x00007fff68162000 	/usr/lib/system/libsystem_c.dylib
0x00007fff681eb000 	/usr/lib/system/libsystem_configuration.dylib
0x00007fff681ef000 	/usr/lib/system/libsystem_coreservices.dylib
0x00007fff681f3000 	/usr/lib/system/libsystem_darwin.dylib
0x00007fff681fa000 	/usr/lib/system/libsystem_dnssd.dylib
0x00007fff68201000 	/usr/lib/system/libsystem_info.dylib
0x00007fff68277000 	/usr/lib/system/libsystem_m.dylib
0x00007fff682c3000 	/usr/lib/system/libsystem_malloc.dylib
0x00007fff682e8000 	/usr/lib/system/libsystem_networkextension.dylib
0x00007fff682f4000 	/usr/lib/system/libsystem_notify.dylib
0x00007fff68311000 	/usr/lib/system/libsystem_sandbox.dylib
0x00007fff68315000 	/usr/lib/system/libsystem_secinit.dylib
0x00007fff6824e000 	/usr/lib/system/libsystem_kernel.dylib
0x00007fff682fc000 	/usr/lib/system/libsystem_platform.dylib
0x00007fff68306000 	/usr/lib/system/libsystem_pthread.dylib
0x00007fff68318000 	/usr/lib/system/libsystem_symptoms.dylib
0x00007fff68320000 	/usr/lib/system/libsystem_trace.dylib
0x00007fff68337000 	/usr/lib/system/libunwind.dylib
0x00007fff6833d000 	/usr/lib/system/libxpc.dylib
0x00007fff657c3000 	/usr/lib/libbsm.0.dylib
0x00007fff68130000 	/usr/lib/system/libkxld.dylib
0x00007fff4b7a4000 	/System/Library/PrivateFrameworks/AppleFSCompression.framework/Versions/A/AppleFSCompression
0x00007fff65448000 	/usr/lib/libOpenScriptingUtil.dylib
0x00007fff65b26000 	/usr/lib/libcoretls.dylib
0x00007fff65b3d000 	/usr/lib/libcoretls_cfhelpers.dylib
0x00007fff677ca000 	/usr/lib/libpam.2.dylib
0x00007fff6798d000 	/usr/lib/libsqlite3.dylib
0x00007fff67df5000 	/usr/lib/libxar.1.dylib
0x00007fff657d4000 	/usr/lib/libbz2.1.0.dylib
0x00007fff66751000 	/usr/lib/liblzma.5.dylib
0x00007fff66c47000 	/usr/lib/libnetwork.dylib
0x00007fff65628000 	/usr/lib/libapple_nghttp2.dylib
0x00007fff677d1000 	/usr/lib/libpcap.A.dylib
0x00007fff3c4e9000 	/System/Library/Frameworks/CoreServices.framework/Versions/A/Frameworks/FSEvents.framework/Versions/A/FSEvents
0x00007fff3c1c5000 	/System/Library/Frameworks/CoreServices.framework/Versions/A/Frameworks/CarbonCore.framework/Versions/A/CarbonCore
0x00007fff3c6be000 	/System/Library/Frameworks/CoreServices.framework/Versions/A/Frameworks/Metadata.framework/Versions/A/Metadata
0x00007fff3c761000 	/System/Library/Frameworks/CoreServices.framework/Versions/A/Frameworks/OSServices.framework/Versions/A/OSServices
0x00007fff3c7ad000 	/System/Library/Frameworks/CoreServices.framework/Versions/A/Frameworks/SearchKit.framework/Versions/A/SearchKit
0x00007fff3c146000 	/System/Library/Frameworks/CoreServices.framework/Versions/A/Frameworks/AE.framework/Versions/A/AE
0x00007fff3c4f2000 	/System/Library/Frameworks/CoreServices.framework/Versions/A/Frameworks/LaunchServices.framework/Versions/A/LaunchServices
0x00007fff3c49e000 	/System/Library/Frameworks/CoreServices.framework/Versions/A/Frameworks/DictionaryServices.framework/Versions/A/DictionaryServices
0x00007fff3c81c000 	/System/Library/Frameworks/CoreServices.framework/Versions/A/Frameworks/SharedFileList.framework/Versions/A/SharedFileList
0x00007fff40f9d000 	/System/Library/Frameworks/NetFS.framework/Versions/A/NetFS
0x00007fff5a9a7000 	/System/Library/PrivateFrameworks/NetAuth.framework/Versions/A/NetAuth
0x00007fff64e43000 	/System/Library/PrivateFrameworks/login.framework/Versions/A/Frameworks/loginsupport.framework/Versions/A/loginsupport
0x00007fff62e4f000 	/System/Library/PrivateFrameworks/TCC.framework/Versions/A/TCC
0x00007fff4f4c4000 	/System/Library/PrivateFrameworks/CoreNLP.framework/Versions/A/CoreNLP
0x00007fff5a3fa000 	/System/Library/PrivateFrameworks/MetadataUtilities.framework/Versions/A/MetadataUtilities
0x00007fff66832000 	/usr/lib/libmecabra.dylib
0x00007fff3926d000 	/System/Library/Frameworks/ApplicationServices.framework/Versions/A/Frameworks/ATS.framework/Versions/A/ATS
0x00007fff395d8000 	/System/Library/Frameworks/ApplicationServices.framework/Versions/A/Frameworks/ColorSyncLegacy.framework/Versions/A/ColorSyncLegacy
0x00007fff39679000 	/System/Library/Frameworks/ApplicationServices.framework/Versions/A/Frameworks/HIServices.framework/Versions/A/HIServices
0x00007fff396cc000 	/System/Library/Frameworks/ApplicationServices.framework/Versions/A/Frameworks/LangAnalysis.framework/Versions/A/LangAnalysis
0x00007fff396db000 	/System/Library/Frameworks/ApplicationServices.framework/Versions/A/Frameworks/PrintCore.framework/Versions/A/PrintCore
0x00007fff39728000 	/System/Library/Frameworks/ApplicationServices.framework/Versions/A/Frameworks/QD.framework/Versions/A/QD
0x00007fff39764000 	/System/Library/Frameworks/ApplicationServices.framework/Versions/A/Frameworks/SpeechSynthesis.framework/Versions/A/SpeechSynthesis
0x00007fff65863000 	/usr/lib/libcompression.dylib
0x00007fff3ad9e000 	/System/Library/Frameworks/CoreDisplay.framework/Versions/A/CoreDisplay
0x00007fff3fd9f000 	/System/Library/Frameworks/MetalPerformanceShaders.framework/Versions/A/MetalPerformanceShaders
0x00007fff371cc000 	/System/Library/Frameworks/Accelerate.framework/Versions/A/Frameworks/vImage.framework/Versions/A/vImage
0x00007fff38248000 	/System/Library/Frameworks/Accelerate.framework/Versions/A/Frameworks/vecLib.framework/Versions/A/vecLib
0x00007fff38192000 	/System/Library/Frameworks/Accelerate.framework/Versions/A/Frameworks/vecLib.framework/Versions/A/libvMisc.dylib
0x00007fff37fad000 	/System/Library/Frameworks/Accelerate.framework/Versions/A/Frameworks/vecLib.framework/Versions/A/libvDSP.dylib
0x00007fff3786d000 	/System/Library/Frameworks/Accelerate.framework/Versions/A/Frameworks/vecLib.framework/Versions/A/libBLAS.dylib
0x00007fff37b58000 	/System/Library/Frameworks/Accelerate.framework/Versions/A/Frameworks/vecLib.framework/Versions/A/libLAPACK.dylib
0x00007fff37eff000 	/System/Library/Frameworks/Accelerate.framework/Versions/A/Frameworks/vecLib.framework/Versions/A/libLinearAlgebra.dylib
0x00007fff37f99000 	/System/Library/Frameworks/Accelerate.framework/Versions/A/Frameworks/vecLib.framework/Versions/A/libSparseBLAS.dylib
0x00007fff37f15000 	/System/Library/Frameworks/Accelerate.framework/Versions/A/Frameworks/vecLib.framework/Versions/A/libQuadrature.dylib
0x00007fff37ae5000 	/System/Library/Frameworks/Accelerate.framework/Versions/A/Frameworks/vecLib.framework/Versions/A/libBNNS.dylib
0x00007fff37f1b000 	/System/Library/Frameworks/Accelerate.framework/Versions/A/Frameworks/vecLib.framework/Versions/A/libSparse.dylib
0x00007fff569eb000 	/System/Library/PrivateFrameworks/GPUWrangler.framework/Versions/A/GPUWrangler
0x00007fff58e20000 	/System/Library/PrivateFrameworks/IOAccelerator.framework/Versions/A/IOAccelerator
0x00007fff58e2b000 	/System/Library/PrivateFrameworks/IOPresentment.framework/Versions/A/IOPresentment
0x00007fff502cd000 	/System/Library/PrivateFrameworks/DSExternalDisplay.framework/Versions/A/DSExternalDisplay
0x00007fff44451000 	/System/Library/Frameworks/OpenGL.framework/Versions/A/Libraries/libCoreFSCache.dylib
0x00007fff3fb87000 	/System/Library/Frameworks/MetalPerformanceShaders.framework/Frameworks/MPSCore.framework/Versions/A/MPSCore
0x00007fff3fba8000 	/System/Library/Frameworks/MetalPerformanceShaders.framework/Frameworks/MPSImage.framework/Versions/A/MPSImage
0x00007fff3fc50000 	/System/Library/Frameworks/MetalPerformanceShaders.framework/Frameworks/MPSNeuralNetwork.framework/Versions/A/MPSNeuralNetwork
0x00007fff3fc27000 	/System/Library/Frameworks/MetalPerformanceShaders.framework/Frameworks/MPSMatrix.framework/Versions/A/MPSMatrix
0x00007fff3fd83000 	/System/Library/Frameworks/MetalPerformanceShaders.framework/Frameworks/MPSRayIntersector.framework/Versions/A/MPSRayIntersector
0x00007fff5a423000 	/System/Library/PrivateFrameworks/MetalTools.framework/Versions/A/MetalTools
0x00007fff4ae9e000 	/System/Library/PrivateFrameworks/AggregateDictionary.framework/Versions/A/AggregateDictionary
0x00007fff65428000 	/usr/lib/libMobileGestalt.dylib
0x00007fff3ccee000 	/System/Library/Frameworks/CoreVideo.framework/Versions/A/CoreVideo
0x00007fff5785b000 	/System/Library/PrivateFrameworks/GraphVisualizer.framework/Versions/A/GraphVisualizer
0x00007fff515f6000 	/System/Library/PrivateFrameworks/FaceCore.framework/Versions/A/FaceCore
0x00007fff43a69000 	/System/Library/Frameworks/OpenCL.framework/Versions/A/OpenCL
0x00007fff6520f000 	/usr/lib/libFosl_dynamic.dylib
0x00007fff5b27f000 	/System/Library/PrivateFrameworks/OTSVG.framework/Versions/A/OTSVG
0x00007fff39371000 	/System/Library/Frameworks/ApplicationServices.framework/Versions/A/Frameworks/ATS.framework/Versions/A/Resources/libFontParser.dylib
0x00007fff39491000 	/System/Library/Frameworks/ApplicationServices.framework/Versions/A/Frameworks/ATS.framework/Versions/A/Resources/libFontRegistry.dylib
0x00007fff3dc82000 	/System/Library/Frameworks/ImageIO.framework/Versions/A/Resources/libJPEG.dylib
0x00007fff3dfa4000 	/System/Library/Frameworks/ImageIO.framework/Versions/A/Resources/libTIFF.dylib
0x00007fff3df7a000 	/System/Library/Frameworks/ImageIO.framework/Versions/A/Resources/libPng.dylib
0x00007fff3db97000 	/System/Library/Frameworks/ImageIO.framework/Versions/A/Resources/libGIF.dylib
0x00007fff3db9c000 	/System/Library/Frameworks/ImageIO.framework/Versions/A/Resources/libJP2.dylib
0x00007fff3dfa1000 	/System/Library/Frameworks/ImageIO.framework/Versions/A/Resources/libRadiance.dylib
0x00007fff4b8fd000 	/System/Library/PrivateFrameworks/AppleJPEG.framework/Versions/A/AppleJPEG
0x00007fff4445c000 	/System/Library/Frameworks/OpenGL.framework/Versions/A/Libraries/libGFXShared.dylib
0x00007fff4461f000 	/System/Library/Frameworks/OpenGL.framework/Versions/A/Libraries/libGLU.dylib
0x00007fff44465000 	/System/Library/Frameworks/OpenGL.framework/Versions/A/Libraries/libGL.dylib
0x00007fff44471000 	/System/Library/Frameworks/OpenGL.framework/Versions/A/Libraries/libGLImage.dylib
0x00007fff4444e000 	/System/Library/Frameworks/OpenGL.framework/Versions/A/Libraries/libCVMSPluginSupport.dylib
0x00007fff44457000 	/System/Library/Frameworks/OpenGL.framework/Versions/A/Libraries/libCoreVMClient.dylib
0x00007fff661b5000 	/usr/lib/libcups.2.dylib
0x00007fff3f09c000 	/System/Library/Frameworks/Kerberos.framework/Versions/A/Kerberos
0x00007fff3d64c000 	/System/Library/Frameworks/GSS.framework/Versions/A/GSS
0x00007fff67921000 	/usr/lib/libresolv.9.dylib
0x00007fff663ad000 	/usr/lib/libiconv.2.dylib
0x00007fff579bb000 	/System/Library/PrivateFrameworks/Heimdal.framework/Versions/A/Heimdal
0x00007fff6637c000 	/usr/lib/libheimdal-asn1.dylib
0x00007fff43adf000 	/System/Library/Frameworks/OpenDirectory.framework/Versions/A/OpenDirectory
0x00007fff4e1c0000 	/System/Library/PrivateFrameworks/CommonAuth.framework/Versions/A/CommonAuth
0x00007fff43ac2000 	/System/Library/Frameworks/OpenDirectory.framework/Versions/A/Frameworks/CFOpenDirectory.framework/Versions/A/CFOpenDirectory
0x00007fff46c4d000 	/System/Library/Frameworks/SecurityFoundation.framework/Versions/A/SecurityFoundation
0x00007fff4a3ad000 	/System/Library/PrivateFrameworks/APFS.framework/Versions/A/APFS
0x00007fff67df1000 	/usr/lib/libutil.dylib
0x00007fff65851000 	/usr/lib/libcharset.1.dylib
0x00007fff4bb99000 	/System/Library/PrivateFrameworks/AppleSauce.framework/Versions/A/AppleSauce
0x00007fff4bd27000 	/System/Library/PrivateFrameworks/AssertionServices.framework/Versions/A/AssertionServices
0x00007fff4c59a000 	/System/Library/PrivateFrameworks/BaseBoard.framework/Versions/A/BaseBoard
0x00007fff66781000 	/usr/lib/libmecab.1.0.0.dylib
0x00007fff66376000 	/usr/lib/libgermantok.dylib
0x00007fff65614000 	/usr/lib/libThaiTokenizer.dylib
0x00007fff6513b000 	/usr/lib/libChineseTokenizer.dylib
0x00007fff59557000 	/System/Library/PrivateFrameworks/LanguageModeling.framework/Versions/A/LanguageModeling
0x00007fff4eeda000 	/System/Library/PrivateFrameworks/CoreEmoji.framework/Versions/A/CoreEmoji
0x00007fff5964f000 	/System/Library/PrivateFrameworks/Lexicon.framework/Versions/A/Lexicon
0x00007fff59697000 	/System/Library/PrivateFrameworks/LinguisticData.framework/Versions/A/LinguisticData
0x00007fff65852000 	/usr/lib/libcmph.dylib
0x00007fff46d0e000 	/System/Library/Frameworks/ServiceManagement.framework/Versions/A/ServiceManagement
0x00007fff4c4ed000 	/System/Library/PrivateFrameworks/BackgroundTaskManagement.framework/Versions/A/BackgroundTaskManagement
0x00007fff67eeb000 	/usr/lib/libxslt.1.dylib
0x00007fff3a461000 	/System/Library/Frameworks/Carbon.framework/Versions/A/Frameworks/Ink.framework/Versions/A/Ink
0x00007fff630cf000 	/System/Library/PrivateFrameworks/TextureIO.framework/Versions/A/TextureIO
0x00007fff65669000 	/usr/lib/libate.dylib
0x00007fff50229000 	/System/Library/PrivateFrameworks/CrashReporterSupport.framework/Versions/A/CrashReporterSupport
0x00007fff600f0000 	/System/Library/PrivateFrameworks/Sharing.framework/Versions/A/Sharing
0x00007fff4c079000 	/System/Library/PrivateFrameworks/AuthKit.framework/Versions/A/AuthKit
0x00007fff4b49c000 	/System/Library/PrivateFrameworks/Apple80211.framework/Versions/A/Apple80211
0x00007fff4ffe9000 	/System/Library/PrivateFrameworks/CoreUtils.framework/Versions/A/CoreUtils
0x00007fff3cd2c000 	/System/Library/Frameworks/CoreWLAN.framework/Versions/A/CoreWLAN
0x00007fff3d796000 	/System/Library/Frameworks/IOBluetooth.framework/Versions/A/IOBluetooth
0x00007fff5e40e000 	/System/Library/PrivateFrameworks/ProtocolBuffer.framework/Versions/A/ProtocolBuffer
0x00007fff5a661000 	/System/Library/PrivateFrameworks/MobileKeyBag.framework/Versions/A/MobileKeyBag
0x00007fff4f801000 	/System/Library/PrivateFrameworks/CorePhoneNumbers.framework/Versions/A/CorePhoneNumbers
0x00007fff4b8b1000 	/System/Library/PrivateFrameworks/AppleIDAuthSupport.framework/Versions/A/AppleIDAuthSupport
0x00007fff59528000 	/System/Library/PrivateFrameworks/KeychainCircle.framework/Versions/A/KeychainCircle
0x00007fff5e5db000 	/System/Library/PrivateFrameworks/ROCKit.framework/Versions/A/ROCKit
0x00007fff501c5000 	/System/Library/PrivateFrameworks/CoreWiFi.framework/Versions/A/CoreWiFi
0x00007fff3a9d0000 	/System/Library/Frameworks/CoreBluetooth.framework/Versions/A/CoreBluetooth
0x00007fff50419000 	/System/Library/PrivateFrameworks/DebugSymbols.framework/Versions/A/DebugSymbols
0x00007fff4fd9e000 	/System/Library/PrivateFrameworks/CoreSymbolication.framework/Versions/A/CoreSymbolication
0x00007fff628b9000 	/System/Library/PrivateFrameworks/Symbolication.framework/Versions/A/Symbolication
0x00007fff61a4b000 	/System/Library/PrivateFrameworks/SpeechRecognitionCore.framework/Versions/A/SpeechRecognitionCore
0x000000010d600000 	/Library/Java/JavaVirtualMachines/jdk1.8.0_202.jdk/Contents/Home/jre/lib/server/libjvm.dylib
0x00007fff67cb5000 	/usr/lib/libstdc++.6.dylib
0x000000010cc81000 	/Library/Java/JavaVirtualMachines/jdk1.8.0_202.jdk/Contents/Home/jre/lib/libverify.dylib
0x000000010cc8f000 	/Library/Java/JavaVirtualMachines/jdk1.8.0_202.jdk/Contents/Home/jre/lib/libjava.dylib
0x000000010cd0f000 	/Library/Java/JavaVirtualMachines/jdk1.8.0_202.jdk/Contents/Home/jre/lib/libzip.dylib
0x0000000115854000 	/Library/Java/JavaVirtualMachines/jdk1.8.0_202.jdk/Contents/Home/jre/lib/libnio.dylib
0x0000000115864000 	/Library/Java/JavaVirtualMachines/jdk1.8.0_202.jdk/Contents/Home/jre/lib/./libnet.dylib
0x0000000115698000 	/Library/Java/JavaVirtualMachines/jdk1.8.0_202.jdk/Contents/Home/jre/lib/libsunec.dylib
0x0000000115754000 	/Library/Java/JavaVirtualMachines/jdk1.8.0_202.jdk/Contents/Home/jre/lib/libawt.dylib
0x000000011588e000 	/Library/Java/JavaVirtualMachines/jdk1.8.0_202.jdk/Contents/Home/jre/lib/./libmlib_image.dylib
0x00007fff3f085000 	/System/Library/Frameworks/JavaVM.framework/Versions/A/Frameworks/JavaNativeFoundation.framework/Versions/A/JavaNativeFoundation
0x00007fff3f08e000 	/System/Library/Frameworks/JavaVM.framework/Versions/A/Frameworks/JavaRuntimeSupport.framework/Versions/A/JavaRuntimeSupport
0x00007fff3f097000 	/System/Library/Frameworks/JavaVM.framework/Versions/A/JavaVM
0x00007fff5943f000 	/System/Library/PrivateFrameworks/JavaLaunching.framework/Versions/A/JavaLaunching
0x00007fff3a14a000 	/System/Library/Frameworks/Carbon.framework/Versions/A/Carbon
0x00007fff3a14b000 	/System/Library/Frameworks/Carbon.framework/Versions/A/Frameworks/CommonPanels.framework/Versions/A/CommonPanels
0x00007fff3a457000 	/System/Library/Frameworks/Carbon.framework/Versions/A/Frameworks/Help.framework/Versions/A/Help
0x00007fff3a45b000 	/System/Library/Frameworks/Carbon.framework/Versions/A/Frameworks/ImageCapture.framework/Versions/A/ImageCapture
0x00007fff3a4f6000 	/System/Library/Frameworks/Carbon.framework/Versions/A/Frameworks/OpenScripting.framework/Versions/A/OpenScripting
0x00007fff3a531000 	/System/Library/Frameworks/Carbon.framework/Versions/A/Frameworks/Print.framework/Versions/A/Print
0x00007fff3a533000 	/System/Library/Frameworks/Carbon.framework/Versions/A/Frameworks/SecurityHI.framework/Versions/A/SecurityHI
0x000000011595a000 	/Library/Java/JavaVirtualMachines/jdk1.8.0_202.jdk/Contents/Home/jre/lib/libawt_lwawt.dylib
0x0000000115650000 	/Library/Java/JavaVirtualMachines/jdk1.8.0_202.jdk/Contents/Home/jre/lib/./libosxapp.dylib
0x00007fff3d1e5000 	/System/Library/Frameworks/ExceptionHandling.framework/Versions/A/ExceptionHandling
0x00007fff4f998000 	/System/Library/PrivateFrameworks/CoreServicesInternal.framework/Versions/A/CoreServicesInternal
0x00007fff30d1d000 	/System/Library/CoreServices/RawCamera.bundle/Contents/MacOS/RawCamera
0x00007fff5a4ca000 	/System/Library/PrivateFrameworks/MobileAsset.framework/Versions/A/MobileAsset
0x00007fff6213d000 	/System/Library/PrivateFrameworks/StreamingZip.framework/Versions/A/StreamingZip
0x00007fff3f437000 	/System/Library/Frameworks/MediaToolbox.framework/Versions/A/MediaToolbox
0x00007fff4ea5f000 	/System/Library/PrivateFrameworks/CoreAVCHD.framework/Versions/A/CoreAVCHD
0x00007fff3f373000 	/System/Library/Frameworks/MediaAccessibility.framework/Versions/A/MediaAccessibility
0x00007fff59efc000 	/System/Library/PrivateFrameworks/Mangrove.framework/Versions/A/Mangrove
0x00007fff3bfe0000 	/System/Library/Frameworks/CoreMedia.framework/Versions/A/CoreMedia
0x00007fff473a0000 	/System/Library/Frameworks/VideoToolbox.framework/Versions/A/VideoToolbox
0x00007fff4e687000 	/System/Library/PrivateFrameworks/CoreAUC.framework/Versions/A/CoreAUC
0x00007fff6798b000 	/usr/lib/libspindump.dylib
0x00007fff4bc8c000 	/System/Library/PrivateFrameworks/AppleVA.framework/Versions/A/AppleVA
0x00007fff371b5000 	/System/Library/Frameworks/Accelerate.framework/Versions/A/Frameworks/vImage.framework/Versions/A/Libraries/libCGInterfaces.dylib
0x00007fff3953b000 	/System/Library/Frameworks/ApplicationServices.framework/Versions/A/Frameworks/ATS.framework/Versions/A/Resources/libTrueTypeScaler.dylib
0x00007fff34464000 	/System/Library/Extensions/AppleIntelKBLGraphicsMTLDriver.bundle/Contents/MacOS/AppleIntelKBLGraphicsMTLDriver
0x00007fff55340000 	/System/Library/PrivateFrameworks/GPUCompiler.framework/Versions/3902/Libraries/libmetal_timestamp.dylib
0x00007fff51a28000 	/System/Library/PrivateFrameworks/FamilyControls.framework/Versions/A/FamilyControls
0x00007fff4e1b3000 	/System/Library/PrivateFrameworks/CommerceKit.framework/Versions/A/Frameworks/CommerceCore.framework/Versions/A/CommerceCore
0x00007fff62ba2000 	/System/Library/PrivateFrameworks/SystemAdministration.framework/Versions/A/SystemAdministration
0x00007fff4b396000 	/System/Library/PrivateFrameworks/AppContainer.framework/Versions/A/AppContainer
0x00007fff4b3b3000 	/System/Library/PrivateFrameworks/AppSandbox.framework/Versions/A/AppSandbox
0x00007fff5ff88000 	/System/Library/PrivateFrameworks/SecCodeWrapper.framework/Versions/A/SecCodeWrapper
0x00007fff6793b000 	/usr/lib/libsandbox.1.dylib
0x00007fff653f3000 	/usr/lib/libMatch.1.dylib
0x00007fff507b9000 	/System/Library/PrivateFrameworks/DiskManagement.framework/Versions/A/DiskManagement
0x00007fff3cf52000 	/System/Library/Frameworks/DirectoryService.framework/Versions/A/DirectoryService
0x00007fff506e6000 	/System/Library/PrivateFrameworks/DiskImages.framework/Versions/A/DiskImages
0x00007fff59796000 	/System/Library/PrivateFrameworks/LoginUIKit.framework/Versions/A/Frameworks/LoginUICore.framework/Versions/A/LoginUICore
0x00007fff65147000 	/usr/lib/libCoreStorage.dylib
0x00007fff661a1000 	/usr/lib/libcsfde.dylib
0x00007fff677b8000 	/usr/lib/libodfde.dylib
0x00007fff5a01d000 	/System/Library/PrivateFrameworks/MediaKit.framework/Versions/A/MediaKit
0x00007fff3cf5e000 	/System/Library/Frameworks/DiscRecording.framework/Versions/A/DiscRecording
0x00007fff50926000 	/System/Library/PrivateFrameworks/EFILogin.framework/Versions/A/EFILogin
0x00007fff5e3b6000 	/System/Library/PrivateFrameworks/ProtectedCloudStorage.framework/Versions/A/ProtectedCloudStorage
0x00007fff66236000 	/usr/lib/libcurl.4.dylib
0x00007fff66008000 	/usr/lib/libcrypto.42.dylib
0x00007fff67c67000 	/usr/lib/libssl.44.dylib
0x00007fff3f0b6000 	/System/Library/Frameworks/LDAP.framework/Versions/A/LDAP
0x00007fff63250000 	/System/Library/PrivateFrameworks/TrustEvaluationAgent.framework/Versions/A/TrustEvaluationAgent
0x00007fff67978000 	/usr/lib/libsasl2.2.dylib
0x00007fff4ecbe000 	/System/Library/PrivateFrameworks/CoreDaemon.framework/Versions/B/CoreDaemon
0x00007fff4bb94000 	/System/Library/PrivateFrameworks/AppleSRP.framework/Versions/A/AppleSRP
0x00007fff64100000 	/System/Library/PrivateFrameworks/ViewBridge.framework/Versions/A/ViewBridge
0x00007fff4501c000 	/System/Library/Frameworks/OpenGL.framework/Versions/A/Resources/GLEngine.bundle/GLEngine
0x00007fff444ac000 	/System/Library/Frameworks/OpenGL.framework/Versions/A/Libraries/libGLProgrammability.dylib
0x00007fff33683000 	/System/Library/Extensions/AppleIntelKBLGraphicsGLDriver.bundle/Contents/MacOS/AppleIntelKBLGraphicsGLDriver
0x00007fff569df000 	/System/Library/PrivateFrameworks/GPUSupport.framework/Versions/A/Libraries/libGPUSupportMercury.dylib
0x00007fff451b3000 	/System/Library/Frameworks/OpenGL.framework/Versions/A/Resources/GLRendererFloat.bundle/GLRendererFloat
0x00007fff43a60000 	/System/Library/Frameworks/OpenCL.framework/Versions/A/Libraries/libcldcpuengine.dylib
0x00007fff65cdd000 	/usr/lib/libcrypto.35.dylib
0x000000012afa5000 	/Library/Java/JavaVirtualMachines/jdk1.8.0_202.jdk/Contents/Home/jre/lib/libfontmanager.dylib
0x000000012b02c000 	/private/var/folders/gd/fhbq53zj23x2qxwms5sfrljm0000gp/T/jna--1353361502/jna2936004143790224656.tmp
0x000000012b241000 	/usr/local/lib/libtesseract.dylib
0x000000012b4ce000 	/usr/local/opt/leptonica/lib/liblept.5.dylib
0x000000012b6d9000 	/usr/local/opt/libpng/lib/libpng16.16.dylib
0x000000012b705000 	/usr/local/opt/jpeg/lib/libjpeg.9.dylib
0x00000001175a6000 	/usr/local/opt/giflib/lib/libgif.dylib
0x000000012b739000 	/usr/local/opt/libtiff/lib/libtiff.5.dylib
0x000000012b7a6000 	/usr/local/opt/webp/lib/libwebp.7.dylib
0x000000012b808000 	/usr/local/opt/openjpeg/lib/libopenjp2.7.dylib

VM Arguments:
jvm_args: -Dgroovy.home=/Users/thanhto/Documents/workspace/katalon/.metadata/.plugins/org.eclipse.pde.core/.bundle_pool/plugins/org.codehaus.groovy_2.4.7.xx-201611170128-e46/ -Xmx2048m -Dfile.encoding=UTF-8 
java_command: org.codehaus.groovy.tools.GroovyStarter --classpath /Users/thanhto/Katalon Studio/Test projects/Test Image Locator works as Expected/Include/scripts/groovy:/Users/thanhto/Katalon Studio/Test projects/Test Image Locator works as Expected/Keywords:/Users/thanhto/Katalon Studio/Test projects/Test Image Locator works as Expected/Libs:/Users/thanhto/Katalon Studio/Test projects/Test Image Locator works as Expected/Test Listeners:/Applications/Eclipse.app/Contents/Eclipse/plugins/org.eclipse.equinox.common_3.8.0.v20160509-1230.jar:/Applications/Eclipse.app/Contents/Eclipse/plugins/org.eclipse.osgi_3.11.3.v20170209-1843.jar:/Applications/Eclipse.app/Contents/Eclipse/plugins/org.hamcrest.core_1.3.0.v20180420-1519.jar:/Applications/Eclipse.app/Contents/Eclipse/plugins/org.jsoup_1.7.2.v201411291515.jar:/Users/thanhto/Documents/repository/work/katalon/source/com.kms.katalon.constant/bin:/Users/thanhto/Documents/repository/work/katalon/source/com.kms.katalon.core.appium/bin:/Users/thanhto/Documents/repository/work/katalon/source/com.kms.katalon.core.appium/resources/lib/aspectjweaver-1.9.1.jar:/Users/thanhto/Documents/repository/work/katalon/source/com.kms.katalon.core.appium/resources/lib/cglib-3.2.10.jar:/Users/thanhto/Documents/repository/work/katalon/source/com.kms.katalon.core.appium/resources/lib/commons-validator-1.6.jar:/Users/thanhto/Documents/repository/work/katalon/source/com.kms.katalon.core.appium/resources/lib/java-client-7.0.0.jar:/Users/thanhto/Documents/repository/work/katalon/source/com.kms.katalon.core.appium/resources/lib/slf4j-api-1.7.25.jar:/Users/thanhto/Documents/repository/work/katalon/source/com.kms.katalon.core.appium/resources/lib/spring-context-5.1.0.RELEASE.jar:/Users/thanhto/Documents/repository/work/katalon/source/com.kms.katalon.core.cucumber/bin:/Users/thanhto/Documents/repository/work/katalon/source/com.kms.katalon.core.mobile/bin:/Users/thanhto/Documents/repository/work/katalon/source/com.kms.katalon.core.webservice/bin:/Users
java_class_path (initial): /Users/thanhto/Katalon Studio/Test projects/Test Image Locator works as Expected/bin/keyword:/Users/thanhto/Katalon Studio/Test projects/Test Image Locator works as Expected/bin/listener:/Users/thanhto/Katalon Studio/Test projects/Test Image Locator works as Expected/bin/lib:/Users/thanhto/Katalon Studio/Test projects/Test Image Locator works as Expected/bin/groovy:/Users/thanhto/Katalon Studio/Test projects/Test Image Locator works as Expected/bin:/Users/thanhto/Documents/repository/work/katalon/source/com.kms.katalon.core/bin:/Users/thanhto/Documents/workspace/katalon/.metadata/.plugins/org.eclipse.pde.core/.bundle_pool/plugins/net.sf.supercsv.super-csv_2.1.0.jar:/Users/thanhto/Documents/workspace/katalon/.metadata/.plugins/org.eclipse.pde.core/.bundle_pool/plugins/org.dom4j_1.6.1.v201312101416.jar:/Users/thanhto/Documents/workspace/katalon/.metadata/.plugins/org.eclipse.pde.core/.bundle_pool/plugins/org.apache.commons.io_2.4.0.jar:/Users/thanhto/Documents/workspace/katalon/.metadata/.plugins/org.eclipse.pde.core/.bundle_pool/plugins/org.apache.commons.lang_2.6.0.jar:/Users/thanhto/Documents/workspace/katalon/.metadata/.plugins/org.eclipse.pde.core/.bundle_pool/plugins/org.apache.xmlbeans_2.6.0.jar:/Users/thanhto/Documents/workspace/katalon/.metadata/.plugins/org.eclipse.pde.core/.bundle_pool/plugins/com.google.gson_2.8.0.jar:/Applications/Eclipse.app/Contents/Eclipse/plugins/org.jsoup_1.7.2.v201411291515.jar:/Users/thanhto/Documents/workspace/katalon/.metadata/.plugins/org.eclipse.pde.core/.bundle_pool/plugins/com.microsoft.sqlserver.sqljdbc4_4.1.5605.100.jar:/Users/thanhto/Documents/workspace/katalon/.metadata/.plugins/org.eclipse.pde.core/.bundle_pool/plugins/org.apache.commons.dbutils_1.6.0.jar:/Users/thanhto/Documents/workspace/katalon/.metadata/.plugins/org.eclipse.pde.core/.bundle_pool/plugins/com.oracle.jdbc.ojdbc7_12.1.0.2.jar:/Users/thanhto/Documents/workspace/katalon/.metadata/.plugins/org.eclipse.pde.core/.bundle_pool/plugi
Launcher Type: SUN_STANDARD

Environment Variables:
PATH=/usr/bin:/bin:/usr/sbin:/sbin
SHELL=/bin/bash

Signal Handlers:
SIGSEGV: [libjvm.dylib+0x5b719d], sa_mask[0]=11111111011111110111111111111111, sa_flags=SA_ONSTACK|SA_RESTART|SA_SIGINFO
SIGBUS: [libjvm.dylib+0x5b719d], sa_mask[0]=11111111011111110111111111111111, sa_flags=SA_RESTART|SA_SIGINFO
SIGFPE: [libjvm.dylib+0x48c8fc], sa_mask[0]=11111111011111110111111111111111, sa_flags=SA_RESTART|SA_SIGINFO
SIGPIPE: [libjvm.dylib+0x48c8fc], sa_mask[0]=11111111011111110111111111111111, sa_flags=SA_RESTART|SA_SIGINFO
SIGXFSZ: [libjvm.dylib+0x48c8fc], sa_mask[0]=11111111011111110111111111111111, sa_flags=SA_RESTART|SA_SIGINFO
SIGILL: [libjvm.dylib+0x48c8fc], sa_mask[0]=11111111011111110111111111111111, sa_flags=SA_RESTART|SA_SIGINFO
SIGUSR1: SIG_DFL, sa_mask[0]=00000000000000000000000000000000, sa_flags=none
SIGUSR2: [libjvm.dylib+0x48c41a], sa_mask[0]=00100000000000000000000000000000, sa_flags=SA_RESTART|SA_SIGINFO
SIGHUP: [libjvm.dylib+0x48a9a5], sa_mask[0]=11111111011111110111111111111111, sa_flags=SA_RESTART|SA_SIGINFO
SIGINT: [libjvm.dylib+0x48a9a5], sa_mask[0]=11111111011111110111111111111111, sa_flags=SA_RESTART|SA_SIGINFO
SIGTERM: [libjvm.dylib+0x48a9a5], sa_mask[0]=11111111011111110111111111111111, sa_flags=SA_RESTART|SA_SIGINFO
SIGQUIT: [libjvm.dylib+0x48a9a5], sa_mask[0]=11111111011111110111111111111111, sa_flags=SA_RESTART|SA_SIGINFO


---------------  S Y S T E M  ---------------

OS:Bsduname:Darwin 18.2.0 Darwin Kernel Version 18.2.0: Thu Dec 20 20:46:53 PST 2018; root:xnu-4903.241.1~1/RELEASE_X86_64 x86_64
rlimit: STACK 8192k, CORE 0k, NPROC 1418, NOFILE 10240, AS infinity
load average:4.33 3.44 3.34

CPU:total 4 (initial active 4) (2 cores per cpu, 2 threads per core) family 6 model 142 stepping 9, cmov, cx8, fxsr, mmx, sse, sse2, sse3, ssse3, sse4.1, sse4.2, popcnt, avx, avx2, aes, clmul, erms, rtm, 3dnowpref, lzcnt, ht, tsc, tscinvbit, bmi1, bmi2, adx

Memory: 4k page, physical 16777216k(37380k free)

/proc/meminfo:


vm_info: Java HotSpot(TM) 64-Bit Server VM (25.202-b08) for bsd-amd64 JRE (1.8.0_202-b08), built on Dec 15 2018 20:16:16 by "java_re" with gcc 4.2.1 (Based on Apple Inc. build 5658) (LLVM build 2336.11.00)

time: Mon Nov 18 16:07:50 2019
timezone: +07
elapsed time: 27 seconds (0d 0h 0m 27s)

